<?xml version="1.0" encoding="UTF-8"?>
<!-- Generated by org.testng.reporters.JUnitXMLReporter -->
<testsuite ignored="0" hostname="shuaideMacBook-Pro.local" failures="0" tests="14" name="Regression basic coverage" time="452.471" errors="0" timestamp="28 6月 2022 14:05:22 GMT">
  <testcase classname="Mobile_Test.RegressionTest" name="LoginTestQA" time="23.13"/>
  <testcase classname="Mobile_Test.RegressionTest" name="ClearTableTest" time="38.124"/>
  <testcase classname="Mobile_Test.RegressionTest" name="ProductsListViewTest" time="12.498"/>
  <testcase classname="Mobile_Test.RegressionTest" name="ProductsGridViewTest" time="12.001"/>
  <testcase classname="Mobile_Test.RegressionTest" name="GridViewOrderAndBackTest" time="31.55"/>
  <testcase classname="Mobile_Test.RegressionTest" name="ListViewOrderAndBackTest" time="31.895"/>
  <testcase classname="Mobile_Test.RegressionTest" name="GridViewOrderTest" time="43.12"/>
  <testcase classname="Mobile_Test.RegressionTest" name="ListViewOrderTest" time="52.555"/>
  <testcase classname="Mobile_Test.RegressionTest" name="SendToKDSTest" time="65.93"/>
  <testcase classname="Mobile_Test.RegressionTest" name="PrinterTest" time="26.586"/>
  <testcase classname="Mobile_Test.RegressionTest" name="ReturnTest" time="28.588"/>
  <testcase classname="Mobile_Test.RegressionTest" name="DiscountTest" time="58.062"/>
  <testcase classname="Mobile_Test.RegressionTest" name="PrintSendToKDSTest" time="20.808"/>
  <testcase classname="Mobile_Test.RegressionTest" name="SettingsLogoutMasterUser" time="3.403"/>
</testsuite> <!-- Regression basic coverage -->
