<?xml version="1.0" encoding="UTF-8"?>
<testng-results ignored="0" total="14" passed="14" failed="0" skipped="0">
  <reporter-output>
  </reporter-output>
  <suite started-at="2022-06-28T13:57:49Z" name="Suite1" finished-at="2022-06-28T14:05:22Z" duration-ms="452471">
    <groups>
    </groups>
    <test started-at="2022-06-28T13:57:49Z" name="Regression basic coverage" finished-at="2022-06-28T14:05:22Z" duration-ms="452471">
      <class name="Mobile_Test.RegressionTest">
        <test-method is-config="true" signature="setup()[pri:0, instance:Mobile_Test.RegressionTest@7c83dc97]" started-at="2022-06-28T13:57:49Z" name="setup" finished-at="2022-06-28T13:57:52Z" duration-ms="3105" status="PASS">
          <reporter-output>
          </reporter-output>
        </test-method> <!-- setup -->
        <test-method signature="LoginTestQA()[pri:0, instance:Mobile_Test.RegressionTest@7c83dc97]" started-at="2022-06-28T13:57:52Z" name="LoginTestQA" finished-at="2022-06-28T13:58:15Z" duration-ms="23130" status="PASS">
          <reporter-output>
          </reporter-output>
        </test-method> <!-- LoginTestQA -->
        <test-method signature="ClearTableTest()[pri:1, instance:Mobile_Test.RegressionTest@7c83dc97]" started-at="2022-06-28T13:58:16Z" name="ClearTableTest" finished-at="2022-06-28T13:58:54Z" duration-ms="38124" status="PASS">
          <reporter-output>
          </reporter-output>
        </test-method> <!-- ClearTableTest -->
        <test-method signature="ProductsListViewTest()[pri:2, instance:Mobile_Test.RegressionTest@7c83dc97]" started-at="2022-06-28T13:58:54Z" name="ProductsListViewTest" finished-at="2022-06-28T13:59:06Z" duration-ms="12498" status="PASS">
          <reporter-output>
          </reporter-output>
        </test-method> <!-- ProductsListViewTest -->
        <test-method signature="ProductsGridViewTest()[pri:3, instance:Mobile_Test.RegressionTest@7c83dc97]" started-at="2022-06-28T13:59:06Z" name="ProductsGridViewTest" finished-at="2022-06-28T13:59:18Z" duration-ms="12001" status="PASS">
          <reporter-output>
          </reporter-output>
        </test-method> <!-- ProductsGridViewTest -->
        <test-method signature="GridViewOrderAndBackTest()[pri:4, instance:Mobile_Test.RegressionTest@7c83dc97]" started-at="2022-06-28T13:59:18Z" name="GridViewOrderAndBackTest" finished-at="2022-06-28T13:59:50Z" duration-ms="31550" status="PASS">
          <reporter-output>
          </reporter-output>
        </test-method> <!-- GridViewOrderAndBackTest -->
        <test-method signature="ListViewOrderAndBackTest()[pri:5, instance:Mobile_Test.RegressionTest@7c83dc97]" started-at="2022-06-28T13:59:50Z" name="ListViewOrderAndBackTest" finished-at="2022-06-28T14:00:22Z" duration-ms="31895" status="PASS">
          <reporter-output>
          </reporter-output>
        </test-method> <!-- ListViewOrderAndBackTest -->
        <test-method signature="GridViewOrderTest()[pri:6, instance:Mobile_Test.RegressionTest@7c83dc97]" started-at="2022-06-28T14:00:22Z" name="GridViewOrderTest" finished-at="2022-06-28T14:01:05Z" duration-ms="43120" status="PASS">
          <reporter-output>
          </reporter-output>
        </test-method> <!-- GridViewOrderTest -->
        <test-method signature="ListViewOrderTest()[pri:7, instance:Mobile_Test.RegressionTest@7c83dc97]" started-at="2022-06-28T14:01:05Z" name="ListViewOrderTest" finished-at="2022-06-28T14:01:57Z" duration-ms="52555" status="PASS">
          <reporter-output>
          </reporter-output>
        </test-method> <!-- ListViewOrderTest -->
        <test-method signature="SendToKDSTest()[pri:8, instance:Mobile_Test.RegressionTest@7c83dc97]" started-at="2022-06-28T14:01:57Z" name="SendToKDSTest" finished-at="2022-06-28T14:03:03Z" duration-ms="65930" status="PASS">
          <reporter-output>
          </reporter-output>
        </test-method> <!-- SendToKDSTest -->
        <test-method signature="PrinterTest()[pri:9, instance:Mobile_Test.RegressionTest@7c83dc97]" started-at="2022-06-28T14:03:03Z" name="PrinterTest" finished-at="2022-06-28T14:03:30Z" duration-ms="26586" status="PASS">
          <reporter-output>
          </reporter-output>
        </test-method> <!-- PrinterTest -->
        <test-method signature="ReturnTest()[pri:10, instance:Mobile_Test.RegressionTest@7c83dc97]" started-at="2022-06-28T14:03:30Z" name="ReturnTest" finished-at="2022-06-28T14:03:58Z" duration-ms="28588" status="PASS">
          <reporter-output>
          </reporter-output>
        </test-method> <!-- ReturnTest -->
        <test-method signature="DiscountTest()[pri:11, instance:Mobile_Test.RegressionTest@7c83dc97]" started-at="2022-06-28T14:03:58Z" name="DiscountTest" finished-at="2022-06-28T14:04:56Z" duration-ms="58062" status="PASS">
          <reporter-output>
          </reporter-output>
        </test-method> <!-- DiscountTest -->
        <test-method signature="PrintSendToKDSTest()[pri:12, instance:Mobile_Test.RegressionTest@7c83dc97]" started-at="2022-06-28T14:04:56Z" name="PrintSendToKDSTest" finished-at="2022-06-28T14:05:17Z" duration-ms="20808" status="PASS">
          <reporter-output>
          </reporter-output>
        </test-method> <!-- PrintSendToKDSTest -->
        <test-method signature="SettingsLogoutMasterUser()[pri:13, instance:Mobile_Test.RegressionTest@7c83dc97]" started-at="2022-06-28T14:05:17Z" name="SettingsLogoutMasterUser" finished-at="2022-06-28T14:05:21Z" duration-ms="3403" status="PASS">
          <reporter-output>
          </reporter-output>
        </test-method> <!-- SettingsLogoutMasterUser -->
        <test-method is-config="true" signature="teardown()[pri:0, instance:Mobile_Test.RegressionTest@7c83dc97]" started-at="2022-06-28T14:05:21Z" name="teardown" finished-at="2022-06-28T14:05:22Z" duration-ms="1025" status="PASS">
          <reporter-output>
          </reporter-output>
        </test-method> <!-- teardown -->
      </class> <!-- Mobile_Test.RegressionTest -->
    </test> <!-- Regression basic coverage -->
  </suite> <!-- Suite1 -->
</testng-results>
