<?xml version="1.0" encoding="UTF-8"?>
<testsuite xmlns:xsi="http://www.w3.org/2001/XMLSchema-instance" xsi:schemaLocation="https://maven.apache.org/surefire/maven-surefire-plugin/xsd/surefire-test-report.xsd" name="TestSuite" time="452.732" tests="14" errors="0" skipped="0" failures="0">
  <properties>
[...]
</properties>
  <testcase name="LoginTestQA" classname="Mobile_Test.RegressionTest" time="23.131"/>
  <testcase name="ClearTableTest" classname="Mobile_Test.RegressionTest" time="38.123"/>
  <testcase name="ProductsListViewTest" classname="Mobile_Test.RegressionTest" time="12.499"/>
  <testcase name="ProductsGridViewTest" classname="Mobile_Test.RegressionTest" time="12.001"/>
  <testcase name="GridViewOrderAndBackTest" classname="Mobile_Test.RegressionTest" time="31.55"/>
  <testcase name="ListViewOrderAndBackTest" classname="Mobile_Test.RegressionTest" time="31.894"/>
  <testcase name="GridViewOrderTest" classname="Mobile_Test.RegressionTest" time="43.123"/>
  <testcase name="ListViewOrderTest" classname="Mobile_Test.RegressionTest" time="52.556"/>
  <testcase name="SendToKDSTest" classname="Mobile_Test.RegressionTest" time="65.929"/>
  <testcase name="PrinterTest" classname="Mobile_Test.RegressionTest" time="26.587"/>
  <testcase name="ReturnTest" classname="Mobile_Test.RegressionTest" time="28.588"/>
  <testcase name="DiscountTest" classname="Mobile_Test.RegressionTest" time="58.061"/>
  <testcase name="PrintSendToKDSTest" classname="Mobile_Test.RegressionTest" time="20.808"/>
  <testcase name="SettingsLogoutMasterUser" classname="Mobile_Test.RegressionTest" time="3.403"/>
</testsuite>